%!Adobe-FontList 1.16
%Locale:0x415

%BeginFont
Handler:DirectoryHandler
FontType:Invalid
OutlineFileName:C:\Users\Dawid\Desktop\Matthew Outsourcing\Font\fontello.eot
FileModTime:1510415658
%EndFont

%BeginFont
Handler:DirectoryHandler
FontType:Invalid
OutlineFileName:C:\Users\Dawid\Desktop\Matthew Outsourcing\Font\fontello.svg
FileModTime:1510415658
%EndFont

%BeginFont
Handler:DirectoryHandler
FontType:TrueType
FontName:fontello
FamilyName:fontello
StyleName:Regular
FullName:fontello
MenuName:fontello
StyleBits:0
WritingScript:Roman
OutlineFileName:C:\Users\Dawid\Desktop\Matthew Outsourcing\Font\fontello.ttf
DataFormat:sfntData
FileLength:7444
FileModTime:1510415658
WeightClass:400
WidthClass:5
AngleClass:0
NameArray:0,Mac,4,fontello
NameArray:0,Win,1,fontello
%EndFont

%BeginFont
Handler:DirectoryHandler
FontType:Invalid
OutlineFileName:C:\Users\Dawid\Desktop\Matthew Outsourcing\Font\fontello.woff
FileModTime:1510415658
%EndFont

%BeginFont
Handler:DirectoryHandler
FontType:Invalid
OutlineFileName:C:\Users\Dawid\Desktop\Matthew Outsourcing\Font\fontello.woff2
FileModTime:1510415658
%EndFont

